{
  "RSpec": {
    "coverage": {
      "/Users/a0msin_/Desktop/myacademyquest/app/helpers/application_helper.rb": {
        "lines": [
          1,
          null
        ]
      },
      "/Users/a0msin_/Desktop/myacademyquest/app/helpers/bragdocs_helper.rb": {
        "lines": [
          1,
          null
        ]
      },
      "/Users/a0msin_/Desktop/myacademyquest/app/helpers/homepage_helper.rb": {
        "lines": [
          1,
          null
        ]
      },
      "/Users/a0msin_/Desktop/myacademyquest/app/helpers/tasks_helper.rb": {
        "lines": [
          1,
          null
        ]
      },
      "/Users/a0msin_/Desktop/myacademyquest/app/models/task.rb": {
        "lines": [
          1,
          1,
          13,
          null
        ]
      },
      "/Users/a0msin_/Desktop/myacademyquest/app/models/application_record.rb": {
        "lines": [
          1,
          1,
          null
        ]
      },
      "/Users/a0msin_/Desktop/myacademyquest/app/controllers/tasks_controller.rb": {
        "lines": [
          1,
          1,
          6,
          6,
          null,
          null,
          1,
          2,
          2,
          1,
          1,
          2,
          null,
          null,
          null,
          null,
          null,
          1,
          5,
          4,
          4,
          4,
          4,
          8,
          null,
          null,
          null,
          1,
          2,
          2,
          2,
          2,
          2,
          4,
          null,
          null,
          null,
          1,
          1,
          2,
          null,
          null
        ]
      },
      "/Users/a0msin_/Desktop/myacademyquest/app/controllers/application_controller.rb": {
        "lines": [
          1,
          null,
          1,
          null
        ]
      },
      "/Users/a0msin_/Desktop/myacademyquest/app/controllers/bragdocs_controller.rb": {
        "lines": [
          0,
          0
        ],
        "branches": {}
      },
      "/Users/a0msin_/Desktop/myacademyquest/app/controllers/homepage_controller.rb": {
        "lines": [
          0,
          0
        ],
        "branches": {}
      }
    },
    "timestamp": 1755683840
  }
}
